{"level":"error","message":"❌ Redis error:","timestamp":"2026-05-18 06:33:10"}
{"level":"error","message":"❌ Redis error:","timestamp":"2026-05-18 06:33:10"}
{"level":"error","message":"❌ Redis error:","timestamp":"2026-05-18 06:33:10"}
{"level":"error","message":"❌ Redis error:","timestamp":"2026-05-18 06:33:10"}
{"level":"error","message":"❌ Redis error:","timestamp":"2026-05-18 06:33:10"}
{"level":"error","message":"❌ Redis error:","timestamp":"2026-05-18 06:33:10"}
{"level":"error","message":"❌ Redis error:","timestamp":"2026-05-18 06:33:11"}
{"level":"error","message":"❌ Redis error:","timestamp":"2026-05-18 06:33:11"}
{"level":"error","message":"❌ Redis error:","timestamp":"2026-05-18 06:33:11"}
{"level":"error","message":"❌ Redis error:","timestamp":"2026-05-18 06:33:12"}
{"level":"error","message":"❌ Redis error:","timestamp":"2026-05-18 06:33:12"}
{"level":"error","message":"❌ Redis error:","timestamp":"2026-05-18 06:33:13"}
{"level":"error","message":"❌ Redis error:","timestamp":"2026-05-18 06:33:13"}
{"level":"error","message":"❌ Redis error:","timestamp":"2026-05-18 06:33:14"}
{"level":"error","message":"❌ Redis error:","timestamp":"2026-05-18 06:33:15"}
{"level":"error","message":"❌ Redis error:","timestamp":"2026-05-18 06:33:16"}
{"level":"error","message":"❌ Redis error:","timestamp":"2026-05-18 06:33:16"}
{"level":"error","message":"❌ Redis error:","timestamp":"2026-05-18 06:33:17"}
{"level":"error","message":"❌ Redis error:","timestamp":"2026-05-18 06:33:18"}
{"level":"error","message":"❌ Redis error:","timestamp":"2026-05-18 06:33:19"}
{"level":"error","message":"❌ Redis error:","timestamp":"2026-05-18 06:33:20"}
{"level":"error","message":"❌ Redis error:","timestamp":"2026-05-18 06:33:21"}
{"level":"error","message":"❌ Redis error:","timestamp":"2026-05-18 06:33:22"}
{"level":"error","message":"❌ Redis error:","timestamp":"2026-05-18 06:33:23"}
{"level":"error","message":"❌ Redis error:","timestamp":"2026-05-18 06:33:25"}
{"level":"error","message":"❌ Redis error:","timestamp":"2026-05-18 06:33:26"}
{"level":"error","message":"❌ Redis error:","timestamp":"2026-05-18 06:33:27"}
{"level":"error","message":"❌ Redis error:","timestamp":"2026-05-18 06:33:29"}
{"level":"error","message":"❌ Redis error:","timestamp":"2026-05-18 06:33:30"}
{"level":"error","message":"❌ Redis error:","timestamp":"2026-05-18 06:33:31"}
{"level":"error","message":"❌ Redis error:","timestamp":"2026-05-18 06:33:33"}
{"level":"error","message":"❌ Redis error:","timestamp":"2026-05-18 06:33:34"}
{"level":"error","message":"❌ Redis error:","timestamp":"2026-05-18 06:33:36"}
{"level":"error","message":"❌ Redis error:","timestamp":"2026-05-18 06:33:38"}
{"level":"error","message":"❌ Redis error:","timestamp":"2026-05-18 06:33:39"}
{"level":"error","message":"❌ Redis error:","timestamp":"2026-05-18 06:33:41"}
{"level":"error","message":"❌ Redis error:","timestamp":"2026-05-18 06:33:43"}
{"level":"error","message":"❌ Redis error:","timestamp":"2026-05-18 06:33:45"}
{"level":"error","message":"❌ Redis error:","timestamp":"2026-05-18 06:33:47"}
{"level":"error","message":"❌ Redis error:","timestamp":"2026-05-18 06:33:49"}
{"level":"error","message":"❌ Redis error:","timestamp":"2026-05-18 06:33:51"}
{"level":"error","message":"❌ Redis error:","timestamp":"2026-05-18 06:33:53"}
{"level":"error","message":"❌ Redis error:","timestamp":"2026-05-18 06:33:55"}
{"level":"error","message":"❌ Redis error:","timestamp":"2026-05-18 06:33:57"}
{"level":"error","message":"❌ Redis error:","timestamp":"2026-05-18 06:33:59"}
{"level":"error","message":"❌ Redis error:","timestamp":"2026-05-18 06:34:01"}
{"level":"error","message":"❌ Redis error:","timestamp":"2026-05-18 06:34:03"}
{"level":"error","message":"❌ Redis error:","timestamp":"2026-05-18 06:34:05"}
{"level":"error","message":"❌ Redis error:","timestamp":"2026-05-18 06:34:07"}
{"level":"error","message":"❌ Redis error:","timestamp":"2026-05-18 06:34:09"}
{"level":"error","message":"❌ Redis error:","timestamp":"2026-05-18 06:34:11"}
{"level":"error","message":"❌ Redis error:","timestamp":"2026-05-18 06:34:13"}
{"level":"error","message":"❌ Redis error:","timestamp":"2026-05-18 06:34:15"}
{"level":"error","message":"❌ Redis error:","timestamp":"2026-05-18 06:34:17"}
{"level":"error","message":"❌ Redis error:","timestamp":"2026-05-18 06:34:19"}
{"level":"error","message":"❌ Redis error:","timestamp":"2026-05-18 06:34:21"}
{"level":"error","message":"❌ Redis error:","timestamp":"2026-05-18 06:34:23"}
{"level":"error","message":"❌ Redis error:","timestamp":"2026-05-18 06:34:25"}
{"level":"error","message":"❌ Redis error:","timestamp":"2026-05-18 06:34:27"}
{"level":"error","message":"❌ Redis error:","timestamp":"2026-05-18 06:34:29"}
{"level":"error","message":"❌ Redis error:","timestamp":"2026-05-18 06:34:31"}
{"level":"error","message":"❌ Redis error:","timestamp":"2026-05-18 06:34:33"}
{"level":"error","message":"❌ Redis error:","timestamp":"2026-05-18 06:34:35"}
{"level":"error","message":"❌ Redis error:","timestamp":"2026-05-18 06:34:37"}
{"level":"error","message":"❌ Redis error:","timestamp":"2026-05-18 06:34:39"}
{"level":"error","message":"❌ Redis error:","timestamp":"2026-05-18 06:34:41"}
{"level":"error","message":"❌ Redis error:","timestamp":"2026-05-18 06:34:43"}
{"level":"error","message":"❌ Redis error:","timestamp":"2026-05-18 06:34:45"}
{"level":"error","message":"❌ Redis error:","timestamp":"2026-05-18 06:34:47"}
{"level":"error","message":"❌ Redis error:","timestamp":"2026-05-18 06:34:49"}
{"level":"error","message":"❌ Redis error:","timestamp":"2026-05-18 06:34:51"}
{"level":"error","message":"❌ Redis error:","timestamp":"2026-05-18 06:34:53"}
{"level":"error","message":"❌ Redis error:","timestamp":"2026-05-18 06:34:55"}
{"level":"error","message":"❌ Redis error:","timestamp":"2026-05-18 06:34:57"}
{"level":"error","message":"❌ Redis error:","timestamp":"2026-05-18 06:34:59"}
{"level":"error","message":"❌ Redis error:","timestamp":"2026-05-18 06:35:01"}
{"level":"error","message":"❌ Redis error:","timestamp":"2026-05-18 06:35:03"}
{"level":"error","message":"❌ Redis error:","timestamp":"2026-05-18 06:35:05"}
{"level":"error","message":"❌ Redis error:","timestamp":"2026-05-18 06:35:07"}
{"level":"error","message":"❌ Redis error:","timestamp":"2026-05-18 06:35:09"}
{"level":"error","message":"❌ Redis error:","timestamp":"2026-05-18 06:35:11"}
{"level":"error","message":"❌ Redis error:","timestamp":"2026-05-18 06:35:13"}
{"level":"error","message":"❌ Redis error:","timestamp":"2026-05-18 06:35:15"}
{"level":"error","message":"❌ Redis error:","timestamp":"2026-05-18 06:35:17"}
{"level":"error","message":"❌ Redis error:","timestamp":"2026-05-18 06:35:19"}
{"level":"error","message":"❌ Redis error:","timestamp":"2026-05-18 06:35:21"}
{"level":"error","message":"❌ Redis error:","timestamp":"2026-05-18 06:35:23"}
{"level":"error","message":"❌ Redis error:","timestamp":"2026-05-18 06:35:25"}
{"level":"error","message":"❌ Redis error:","timestamp":"2026-05-18 06:35:27"}
{"level":"error","message":"❌ Redis error:","timestamp":"2026-05-18 06:35:29"}
{"level":"error","message":"❌ Redis error:","timestamp":"2026-05-18 06:35:31"}
{"level":"error","message":"❌ Redis error:","timestamp":"2026-05-18 06:35:33"}
{"level":"error","message":"❌ Redis error:","timestamp":"2026-05-18 06:35:35"}
{"level":"error","message":"❌ Redis error:","timestamp":"2026-05-18 06:35:37"}
{"level":"error","message":"❌ Redis error:","timestamp":"2026-05-18 06:35:39"}
{"level":"error","message":"❌ Redis error:","timestamp":"2026-05-18 06:35:41"}
{"level":"error","message":"❌ Redis error:","timestamp":"2026-05-18 06:35:43"}
{"level":"error","message":"❌ Redis error:","timestamp":"2026-05-18 06:35:45"}
{"level":"error","message":"❌ Redis error:","timestamp":"2026-05-18 06:35:47"}
{"level":"error","message":"❌ Redis error:","timestamp":"2026-05-18 06:35:49"}
{"level":"error","message":"❌ Redis error:","timestamp":"2026-05-18 06:35:51"}
{"level":"error","message":"❌ Redis error:","timestamp":"2026-05-18 06:35:53"}
{"level":"error","message":"❌ Redis error:","timestamp":"2026-05-18 06:35:55"}
{"level":"error","message":"❌ Redis error:","timestamp":"2026-05-18 06:35:57"}
{"level":"error","message":"❌ Redis error:","timestamp":"2026-05-18 06:35:59"}
{"level":"error","message":"❌ Redis error:","timestamp":"2026-05-18 06:36:01"}
{"level":"error","message":"❌ Redis error:","timestamp":"2026-05-18 06:36:03"}
{"level":"error","message":"❌ Redis error:","timestamp":"2026-05-18 06:36:05"}
{"level":"error","message":"❌ Redis error:","timestamp":"2026-05-18 06:36:07"}
{"level":"error","message":"❌ Redis error:","timestamp":"2026-05-18 06:36:09"}
{"level":"error","message":"❌ Redis error:","timestamp":"2026-05-18 06:36:11"}
{"level":"error","message":"❌ Redis error:","timestamp":"2026-05-18 06:36:13"}
{"level":"error","message":"❌ Redis error:","timestamp":"2026-05-18 06:36:15"}
{"level":"error","message":"❌ Redis error:","timestamp":"2026-05-18 06:36:17"}
{"level":"error","message":"❌ Redis error:","timestamp":"2026-05-18 06:36:19"}
{"level":"error","message":"❌ Redis error:","timestamp":"2026-05-18 06:36:21"}
{"level":"error","message":"❌ Redis error:","timestamp":"2026-05-18 06:36:23"}
{"level":"error","message":"❌ Redis error:","timestamp":"2026-05-18 06:36:25"}
{"level":"error","message":"❌ Redis error:","timestamp":"2026-05-18 06:36:27"}
{"level":"error","message":"❌ Redis error:","timestamp":"2026-05-18 06:36:29"}
{"level":"error","message":"❌ Redis error:","timestamp":"2026-05-18 06:36:31"}
{"level":"error","message":"❌ Redis error:","timestamp":"2026-05-18 06:36:33"}
{"level":"error","message":"❌ Redis error:","timestamp":"2026-05-18 06:36:35"}
{"level":"error","message":"❌ Redis error:","timestamp":"2026-05-18 06:36:37"}
{"level":"error","message":"❌ Redis error:","timestamp":"2026-05-18 06:36:39"}
{"level":"error","message":"❌ Redis error:","timestamp":"2026-05-18 06:36:41"}
{"level":"error","message":"❌ Redis error:","timestamp":"2026-05-18 06:36:43"}
{"level":"error","message":"❌ Redis error:","timestamp":"2026-05-18 06:36:45"}
{"level":"error","message":"❌ Redis error:","timestamp":"2026-05-18 06:36:47"}
{"level":"error","message":"❌ Redis error:","timestamp":"2026-05-18 06:36:49"}
{"level":"error","message":"❌ Redis error:","timestamp":"2026-05-18 06:36:51"}
{"level":"error","message":"❌ Redis error:","timestamp":"2026-05-18 06:36:53"}
{"level":"error","message":"❌ Redis error:","timestamp":"2026-05-18 06:36:55"}
{"level":"error","message":"❌ Redis error:","timestamp":"2026-05-18 06:36:57"}
{"level":"error","message":"❌ Redis error:","timestamp":"2026-05-18 06:36:59"}
{"level":"error","message":"❌ Redis error:","timestamp":"2026-05-18 06:37:01"}
{"level":"error","message":"❌ Redis error:","timestamp":"2026-05-18 06:37:03"}
{"level":"error","message":"❌ Redis error:","timestamp":"2026-05-18 06:37:05"}
{"level":"error","message":"❌ Redis error:","timestamp":"2026-05-18 06:37:07"}
{"level":"error","message":"❌ Redis error:","timestamp":"2026-05-18 06:37:09"}
{"level":"error","message":"❌ Redis error:","timestamp":"2026-05-18 06:37:11"}
{"level":"error","message":"❌ Redis error:","timestamp":"2026-05-18 06:37:13"}
{"level":"error","message":"❌ Redis error:","timestamp":"2026-05-18 06:37:15"}
{"level":"error","message":"❌ Redis error:","timestamp":"2026-05-18 06:37:17"}
{"level":"error","message":"❌ Redis error:","timestamp":"2026-05-18 06:37:19"}
{"level":"error","message":"❌ Redis error:","timestamp":"2026-05-18 06:37:21"}
{"level":"error","message":"❌ Redis error:","timestamp":"2026-05-18 06:37:23"}
{"level":"error","message":"❌ Redis error:","timestamp":"2026-05-18 06:37:25"}
{"level":"error","message":"❌ Redis error:","timestamp":"2026-05-18 06:37:27"}
{"level":"error","message":"❌ Redis error:","timestamp":"2026-05-18 06:37:29"}
{"level":"error","message":"❌ Redis error:","timestamp":"2026-05-18 06:37:31"}
{"level":"error","message":"❌ Redis error:","timestamp":"2026-05-18 06:37:33"}
{"level":"error","message":"❌ Redis error:","timestamp":"2026-05-18 06:37:35"}
{"level":"error","message":"❌ Redis error:","timestamp":"2026-05-18 06:37:37"}
{"level":"error","message":"❌ Redis error:","timestamp":"2026-05-18 06:37:39"}
{"level":"error","message":"❌ Redis error:","timestamp":"2026-05-18 06:37:41"}
{"level":"error","message":"❌ Redis error:","timestamp":"2026-05-18 06:37:43"}
{"level":"error","message":"❌ Redis error:","timestamp":"2026-05-18 06:37:45"}
{"level":"error","message":"❌ Redis error:","timestamp":"2026-05-18 06:37:47"}
{"level":"error","message":"❌ Redis error:","timestamp":"2026-05-18 06:37:49"}
{"level":"error","message":"❌ Redis error:","timestamp":"2026-05-18 06:37:51"}
{"level":"error","message":"❌ Redis error:","timestamp":"2026-05-18 06:37:53"}
{"level":"error","message":"❌ Redis error:","timestamp":"2026-05-18 06:37:55"}
{"level":"error","message":"❌ Redis error:","timestamp":"2026-05-18 06:37:57"}
{"level":"error","message":"❌ Redis error:","timestamp":"2026-05-18 06:37:59"}
{"level":"error","message":"❌ Redis error:","timestamp":"2026-05-18 06:38:01"}
{"level":"error","message":"❌ Redis error:","timestamp":"2026-05-18 06:38:03"}
{"level":"error","message":"❌ Redis error:","timestamp":"2026-05-18 06:38:05"}
{"level":"error","message":"❌ Redis error:","timestamp":"2026-05-18 06:38:07"}
{"level":"error","message":"❌ Redis error:","timestamp":"2026-05-18 06:38:09"}
{"level":"error","message":"❌ Kết nối database thất bại:","timestamp":"2026-05-18 23:23:21"}
{"level":"error","message":"❌ Kết nối database thất bại:","timestamp":"2026-05-18 23:24:15"}
{"level":"error","message":"❌ Kết nối database thất bại:","timestamp":"2026-05-18 23:25:02"}
{"level":"error","message":"❌ Kết nối database thất bại:","timestamp":"2026-05-18 23:25:10"}
{"address":"::","code":"EADDRINUSE","errno":-4091,"level":"error","message":"💥 Uncaught Exception: listen EADDRINUSE: address already in use :::5000","port":5000,"stack":"Error: listen EADDRINUSE: address already in use :::5000\n    at Server.setupListenHandle [as _listen2] (node:net:1940:16)\n    at listenInCluster (node:net:1997:12)\n    at Server.listen (node:net:2102:7)\n    at start (G:\\Nha khoa\\Backend\\src\\server.js:29:12)\n    at process.processTicksAndRejections (node:internal/process/task_queues:105:5)","syscall":"listen","timestamp":"2026-05-18 23:26:21"}
{"body":{"email":"admin@phongkham.vn","password":"Password@123"},"level":"error","message":"[POST] /api/v1/auth/login — Illegal arguments: string, undefined","stack":"Error: Illegal arguments: string, undefined\n    at _async (G:\\Nha khoa\\Backend\\node_modules\\bcryptjs\\dist\\bcrypt.js:286:46)\n    at G:\\Nha khoa\\Backend\\node_modules\\bcryptjs\\dist\\bcrypt.js:307:17\n    at new Promise (<anonymous>)\n    at bcrypt.compare (G:\\Nha khoa\\Backend\\node_modules\\bcryptjs\\dist\\bcrypt.js:306:20)\n    at Object.login (G:\\Nha khoa\\Backend\\src\\modules\\auth\\auth.service.js:155:42)\n    at process.processTicksAndRejections (node:internal/process/task_queues:105:5)\n    at async login (G:\\Nha khoa\\Backend\\src\\modules\\auth\\auth.controller.js:48:20)","timestamp":"2026-05-18 23:31:03"}
{"body":{"email":"admin@phongkham.vn","password":"Password@123"},"level":"error","message":"[POST] /api/v1/auth/login — number 1 is not iterable (cannot read property Symbol(Symbol.iterator))","stack":"TypeError: number 1 is not iterable (cannot read property Symbol(Symbol.iterator))\n    at Object.update (G:\\Nha khoa\\Backend\\src\\modules\\user\\user.repository.js:23:14)\n    at process.processTicksAndRejections (node:internal/process/task_queues:105:5)\n    at async Object.login (G:\\Nha khoa\\Backend\\src\\modules\\auth\\auth.service.js:167:5)\n    at async login (G:\\Nha khoa\\Backend\\src\\modules\\auth\\auth.controller.js:48:20)","timestamp":"2026-05-18 23:32:24"}
{"body":{"email":"admin@phongkham.vn","password":"Password@123"},"level":"error","message":"[POST] /api/v1/auth/login — number 1 is not iterable (cannot read property Symbol(Symbol.iterator))","stack":"TypeError: number 1 is not iterable (cannot read property Symbol(Symbol.iterator))\n    at Object.update (G:\\Nha khoa\\Backend\\src\\modules\\user\\user.repository.js:23:14)\n    at process.processTicksAndRejections (node:internal/process/task_queues:105:5)\n    at async Object.login (G:\\Nha khoa\\Backend\\src\\modules\\auth\\auth.service.js:167:5)\n    at async login (G:\\Nha khoa\\Backend\\src\\modules\\auth\\auth.controller.js:48:20)","timestamp":"2026-05-18 23:36:12"}
